<?xml version="1.0" encoding="UTF-8"?>
<testsuite xmlns:xsi="http://www.w3.org/2001/XMLSchema-instance" xsi:noNamespaceSchemaLocation="https://maven.apache.org/surefire/maven-surefire-plugin/xsd/surefire-test-report.xsd" version="3.0.2" name="TestSuite" time="4.279" tests="5" errors="0" skipped="0" failures="1">
  <properties>
    <property name="java.specification.version" value="21"/>
    <property name="sun.cpu.isalist" value="amd64"/>
    <property name="sun.jnu.encoding" value="Cp1252"/>
    <property name="java.class.path" value="C:\Users\purus\RestAssuredTraining\PetStoreAutomation\target\test-classes;C:\Users\purus\RestAssuredTraining\PetStoreAutomation\target\classes;C:\Users\purus\.m2\repository\io\rest-assured\rest-assured\5.5.0\rest-assured-5.5.0.jar;C:\Users\purus\.m2\repository\org\apache\groovy\groovy\4.0.22\groovy-4.0.22.jar;C:\Users\purus\.m2\repository\org\apache\groovy\groovy-xml\4.0.22\groovy-xml-4.0.22.jar;C:\Users\purus\.m2\repository\org\apache\httpcomponents\httpclient\4.5.13\httpclient-4.5.13.jar;C:\Users\purus\.m2\repository\org\apache\httpcomponents\httpcore\4.4.13\httpcore-4.4.13.jar;C:\Users\purus\.m2\repository\commons-logging\commons-logging\1.2\commons-logging-1.2.jar;C:\Users\purus\.m2\repository\org\apache\httpcomponents\httpmime\4.5.13\httpmime-4.5.13.jar;C:\Users\purus\.m2\repository\org\hamcrest\hamcrest\2.2\hamcrest-2.2.jar;C:\Users\purus\.m2\repository\org\ccil\cowan\tagsoup\tagsoup\1.2.1\tagsoup-1.2.1.jar;C:\Users\purus\.m2\repository\io\rest-assured\xml-path\5.5.0\xml-path-5.5.0.jar;C:\Users\purus\.m2\repository\io\rest-assured\json-path\5.5.0\json-path-5.5.0.jar;C:\Users\purus\.m2\repository\org\apache\groovy\groovy-json\4.0.22\groovy-json-4.0.22.jar;C:\Users\purus\.m2\repository\io\rest-assured\rest-assured-common\5.5.0\rest-assured-common-5.5.0.jar;C:\Users\purus\.m2\repository\org\json\json\20240303\json-20240303.jar;C:\Users\purus\.m2\repository\com\google\code\gson\gson\2.11.0\gson-2.11.0.jar;C:\Users\purus\.m2\repository\com\google\errorprone\error_prone_annotations\2.27.0\error_prone_annotations-2.27.0.jar;C:\Users\purus\.m2\repository\org\testng\testng\7.10.2\testng-7.10.2.jar;C:\Users\purus\.m2\repository\org\slf4j\slf4j-api\1.7.36\slf4j-api-1.7.36.jar;C:\Users\purus\.m2\repository\com\beust\jcommander\1.82\jcommander-1.82.jar;C:\Users\purus\.m2\repository\org\webjars\jquery\3.7.1\jquery-3.7.1.jar;C:\Users\purus\.m2\repository\com\github\scribejava\scribejava-apis\8.3.3\scribejava-apis-8.3.3.jar;C:\Users\purus\.m2\repository\com\github\scribejava\scribejava-core\8.3.3\scribejava-core-8.3.3.jar;C:\Users\purus\.m2\repository\com\github\scribejava\scribejava-java8\8.3.3\scribejava-java8-8.3.3.jar;C:\Users\purus\.m2\repository\com\fasterxml\jackson\core\jackson-databind\2.14.0\jackson-databind-2.14.0.jar;C:\Users\purus\.m2\repository\com\fasterxml\jackson\core\jackson-annotations\2.14.0\jackson-annotations-2.14.0.jar;C:\Users\purus\.m2\repository\com\fasterxml\jackson\core\jackson-core\2.14.0\jackson-core-2.14.0.jar;C:\Users\purus\.m2\repository\io\rest-assured\json-schema-validator\5.5.0\json-schema-validator-5.5.0.jar;C:\Users\purus\.m2\repository\com\github\java-json-tools\json-schema-validator\2.2.14\json-schema-validator-2.2.14.jar;C:\Users\purus\.m2\repository\com\github\java-json-tools\jackson-coreutils-equivalence\1.0\jackson-coreutils-equivalence-1.0.jar;C:\Users\purus\.m2\repository\com\github\java-json-tools\jackson-coreutils\2.0\jackson-coreutils-2.0.jar;C:\Users\purus\.m2\repository\com\github\java-json-tools\msg-simple\1.2\msg-simple-1.2.jar;C:\Users\purus\.m2\repository\com\github\java-json-tools\btf\1.3\btf-1.3.jar;C:\Users\purus\.m2\repository\com\github\java-json-tools\json-schema-core\1.2.14\json-schema-core-1.2.14.jar;C:\Users\purus\.m2\repository\com\github\java-json-tools\uri-template\0.10\uri-template-0.10.jar;C:\Users\purus\.m2\repository\org\mozilla\rhino\1.7.7.2\rhino-1.7.7.2.jar;C:\Users\purus\.m2\repository\com\sun\mail\mailapi\1.6.2\mailapi-1.6.2.jar;C:\Users\purus\.m2\repository\joda-time\joda-time\2.10.5\joda-time-2.10.5.jar;C:\Users\purus\.m2\repository\com\googlecode\libphonenumber\libphonenumber\8.11.1\libphonenumber-8.11.1.jar;C:\Users\purus\.m2\repository\com\google\code\findbugs\jsr305\3.0.2\jsr305-3.0.2.jar;C:\Users\purus\.m2\repository\net\sf\jopt-simple\jopt-simple\5.0.4\jopt-simple-5.0.4.jar;C:\Users\purus\.m2\repository\com\google\guava\guava\33.2.1-jre\guava-33.2.1-jre.jar;C:\Users\purus\.m2\repository\com\google\guava\failureaccess\1.0.2\failureaccess-1.0.2.jar;C:\Users\purus\.m2\repository\com\google\guava\listenablefuture\9999.0-empty-to-avoid-conflict-with-guava\listenablefuture-9999.0-empty-to-avoid-conflict-with-guava.jar;C:\Users\purus\.m2\repository\org\checkerframework\checker-qual\3.42.0\checker-qual-3.42.0.jar;C:\Users\purus\.m2\repository\com\google\j2objc\j2objc-annotations\3.0.0\j2objc-annotations-3.0.0.jar;C:\Users\purus\.m2\repository\xml-apis\xml-apis\1.0.b2\xml-apis-1.0.b2.jar;C:\Users\purus\.m2\repository\com\github\javafaker\javafaker\1.0.2\javafaker-1.0.2.jar;C:\Users\purus\.m2\repository\org\apache\commons\commons-lang3\3.5\commons-lang3-3.5.jar;C:\Users\purus\.m2\repository\org\yaml\snakeyaml\1.23\snakeyaml-1.23-android.jar;C:\Users\purus\.m2\repository\com\github\mifmif\generex\1.0.2\generex-1.0.2.jar;C:\Users\purus\.m2\repository\dk\brics\automaton\automaton\1.11-8\automaton-1.11-8.jar;C:\Users\purus\.m2\repository\com\aventstack\extentreports\5.1.2\extentreports-5.1.2.jar;C:\Users\purus\.m2\repository\io\reactivex\rxjava3\rxjava\3.1.6\rxjava-3.1.6.jar;C:\Users\purus\.m2\repository\org\reactivestreams\reactive-streams\1.0.4\reactive-streams-1.0.4.jar;C:\Users\purus\.m2\repository\org\freemarker\freemarker\2.3.32\freemarker-2.3.32.jar;C:\Users\purus\.m2\repository\org\projectlombok\lombok\1.18.26\lombok-1.18.26.jar;C:\Users\purus\.m2\repository\org\apache\poi\poi\5.3.0\poi-5.3.0.jar;C:\Users\purus\.m2\repository\commons-codec\commons-codec\1.17.0\commons-codec-1.17.0.jar;C:\Users\purus\.m2\repository\org\apache\commons\commons-collections4\4.4\commons-collections4-4.4.jar;C:\Users\purus\.m2\repository\org\apache\commons\commons-math3\3.6.1\commons-math3-3.6.1.jar;C:\Users\purus\.m2\repository\commons-io\commons-io\2.16.1\commons-io-2.16.1.jar;C:\Users\purus\.m2\repository\com\zaxxer\SparseBitSet\1.3\SparseBitSet-1.3.jar;C:\Users\purus\.m2\repository\org\apache\poi\poi-ooxml\5.3.0\poi-ooxml-5.3.0.jar;C:\Users\purus\.m2\repository\org\apache\poi\poi-ooxml-lite\5.3.0\poi-ooxml-lite-5.3.0.jar;C:\Users\purus\.m2\repository\org\apache\xmlbeans\xmlbeans\5.2.1\xmlbeans-5.2.1.jar;C:\Users\purus\.m2\repository\org\apache\commons\commons-compress\1.26.2\commons-compress-1.26.2.jar;C:\Users\purus\.m2\repository\com\github\virtuald\curvesapi\1.08\curvesapi-1.08.jar;C:\Users\purus\.m2\repository\org\apache\logging\log4j\log4j-api\2.12.4\log4j-api-2.12.4.jar;C:\Users\purus\.m2\repository\org\apache\logging\log4j\log4j-core\2.12.4\log4j-core-2.12.4.jar;"/>
    <property name="java.vm.vendor" value="Oracle Corporation"/>
    <property name="sun.arch.data.model" value="64"/>
    <property name="user.variant" value=""/>
    <property name="java.vendor.url" value="https://java.oracle.com/"/>
    <property name="user.timezone" value="America/New_York"/>
    <property name="org.apache.logging.log4j.assignedSequences" value="12785"/>
    <property name="os.name" value="Windows 11"/>
    <property name="java.vm.specification.version" value="21"/>
    <property name="sun.java.launcher" value="SUN_STANDARD"/>
    <property name="user.country" value="US"/>
    <property name="sun.boot.library.path" value="C:\Program Files\Java\jdk-21\bin"/>
    <property name="sun.java.command" value="C:\Users\purus\AppData\Local\Temp\surefire17840643099614941053\surefirebooter-20241228014429326_3.jar C:\Users\purus\AppData\Local\Temp\surefire17840643099614941053 2024-12-28T01-44-29_183-jvmRun1 surefire-20241228014429326_1tmp surefire_0-20241228014429326_2tmp"/>
    <property name="jdk.debug" value="release"/>
    <property name="surefire.test.class.path" value="C:\Users\purus\RestAssuredTraining\PetStoreAutomation\target\test-classes;C:\Users\purus\RestAssuredTraining\PetStoreAutomation\target\classes;C:\Users\purus\.m2\repository\io\rest-assured\rest-assured\5.5.0\rest-assured-5.5.0.jar;C:\Users\purus\.m2\repository\org\apache\groovy\groovy\4.0.22\groovy-4.0.22.jar;C:\Users\purus\.m2\repository\org\apache\groovy\groovy-xml\4.0.22\groovy-xml-4.0.22.jar;C:\Users\purus\.m2\repository\org\apache\httpcomponents\httpclient\4.5.13\httpclient-4.5.13.jar;C:\Users\purus\.m2\repository\org\apache\httpcomponents\httpcore\4.4.13\httpcore-4.4.13.jar;C:\Users\purus\.m2\repository\commons-logging\commons-logging\1.2\commons-logging-1.2.jar;C:\Users\purus\.m2\repository\org\apache\httpcomponents\httpmime\4.5.13\httpmime-4.5.13.jar;C:\Users\purus\.m2\repository\org\hamcrest\hamcrest\2.2\hamcrest-2.2.jar;C:\Users\purus\.m2\repository\org\ccil\cowan\tagsoup\tagsoup\1.2.1\tagsoup-1.2.1.jar;C:\Users\purus\.m2\repository\io\rest-assured\xml-path\5.5.0\xml-path-5.5.0.jar;C:\Users\purus\.m2\repository\io\rest-assured\json-path\5.5.0\json-path-5.5.0.jar;C:\Users\purus\.m2\repository\org\apache\groovy\groovy-json\4.0.22\groovy-json-4.0.22.jar;C:\Users\purus\.m2\repository\io\rest-assured\rest-assured-common\5.5.0\rest-assured-common-5.5.0.jar;C:\Users\purus\.m2\repository\org\json\json\20240303\json-20240303.jar;C:\Users\purus\.m2\repository\com\google\code\gson\gson\2.11.0\gson-2.11.0.jar;C:\Users\purus\.m2\repository\com\google\errorprone\error_prone_annotations\2.27.0\error_prone_annotations-2.27.0.jar;C:\Users\purus\.m2\repository\org\testng\testng\7.10.2\testng-7.10.2.jar;C:\Users\purus\.m2\repository\org\slf4j\slf4j-api\1.7.36\slf4j-api-1.7.36.jar;C:\Users\purus\.m2\repository\com\beust\jcommander\1.82\jcommander-1.82.jar;C:\Users\purus\.m2\repository\org\webjars\jquery\3.7.1\jquery-3.7.1.jar;C:\Users\purus\.m2\repository\com\github\scribejava\scribejava-apis\8.3.3\scribejava-apis-8.3.3.jar;C:\Users\purus\.m2\repository\com\github\scribejava\scribejava-core\8.3.3\scribejava-core-8.3.3.jar;C:\Users\purus\.m2\repository\com\github\scribejava\scribejava-java8\8.3.3\scribejava-java8-8.3.3.jar;C:\Users\purus\.m2\repository\com\fasterxml\jackson\core\jackson-databind\2.14.0\jackson-databind-2.14.0.jar;C:\Users\purus\.m2\repository\com\fasterxml\jackson\core\jackson-annotations\2.14.0\jackson-annotations-2.14.0.jar;C:\Users\purus\.m2\repository\com\fasterxml\jackson\core\jackson-core\2.14.0\jackson-core-2.14.0.jar;C:\Users\purus\.m2\repository\io\rest-assured\json-schema-validator\5.5.0\json-schema-validator-5.5.0.jar;C:\Users\purus\.m2\repository\com\github\java-json-tools\json-schema-validator\2.2.14\json-schema-validator-2.2.14.jar;C:\Users\purus\.m2\repository\com\github\java-json-tools\jackson-coreutils-equivalence\1.0\jackson-coreutils-equivalence-1.0.jar;C:\Users\purus\.m2\repository\com\github\java-json-tools\jackson-coreutils\2.0\jackson-coreutils-2.0.jar;C:\Users\purus\.m2\repository\com\github\java-json-tools\msg-simple\1.2\msg-simple-1.2.jar;C:\Users\purus\.m2\repository\com\github\java-json-tools\btf\1.3\btf-1.3.jar;C:\Users\purus\.m2\repository\com\github\java-json-tools\json-schema-core\1.2.14\json-schema-core-1.2.14.jar;C:\Users\purus\.m2\repository\com\github\java-json-tools\uri-template\0.10\uri-template-0.10.jar;C:\Users\purus\.m2\repository\org\mozilla\rhino\1.7.7.2\rhino-1.7.7.2.jar;C:\Users\purus\.m2\repository\com\sun\mail\mailapi\1.6.2\mailapi-1.6.2.jar;C:\Users\purus\.m2\repository\joda-time\joda-time\2.10.5\joda-time-2.10.5.jar;C:\Users\purus\.m2\repository\com\googlecode\libphonenumber\libphonenumber\8.11.1\libphonenumber-8.11.1.jar;C:\Users\purus\.m2\repository\com\google\code\findbugs\jsr305\3.0.2\jsr305-3.0.2.jar;C:\Users\purus\.m2\repository\net\sf\jopt-simple\jopt-simple\5.0.4\jopt-simple-5.0.4.jar;C:\Users\purus\.m2\repository\com\google\guava\guava\33.2.1-jre\guava-33.2.1-jre.jar;C:\Users\purus\.m2\repository\com\google\guava\failureaccess\1.0.2\failureaccess-1.0.2.jar;C:\Users\purus\.m2\repository\com\google\guava\listenablefuture\9999.0-empty-to-avoid-conflict-with-guava\listenablefuture-9999.0-empty-to-avoid-conflict-with-guava.jar;C:\Users\purus\.m2\repository\org\checkerframework\checker-qual\3.42.0\checker-qual-3.42.0.jar;C:\Users\purus\.m2\repository\com\google\j2objc\j2objc-annotations\3.0.0\j2objc-annotations-3.0.0.jar;C:\Users\purus\.m2\repository\xml-apis\xml-apis\1.0.b2\xml-apis-1.0.b2.jar;C:\Users\purus\.m2\repository\com\github\javafaker\javafaker\1.0.2\javafaker-1.0.2.jar;C:\Users\purus\.m2\repository\org\apache\commons\commons-lang3\3.5\commons-lang3-3.5.jar;C:\Users\purus\.m2\repository\org\yaml\snakeyaml\1.23\snakeyaml-1.23-android.jar;C:\Users\purus\.m2\repository\com\github\mifmif\generex\1.0.2\generex-1.0.2.jar;C:\Users\purus\.m2\repository\dk\brics\automaton\automaton\1.11-8\automaton-1.11-8.jar;C:\Users\purus\.m2\repository\com\aventstack\extentreports\5.1.2\extentreports-5.1.2.jar;C:\Users\purus\.m2\repository\io\reactivex\rxjava3\rxjava\3.1.6\rxjava-3.1.6.jar;C:\Users\purus\.m2\repository\org\reactivestreams\reactive-streams\1.0.4\reactive-streams-1.0.4.jar;C:\Users\purus\.m2\repository\org\freemarker\freemarker\2.3.32\freemarker-2.3.32.jar;C:\Users\purus\.m2\repository\org\projectlombok\lombok\1.18.26\lombok-1.18.26.jar;C:\Users\purus\.m2\repository\org\apache\poi\poi\5.3.0\poi-5.3.0.jar;C:\Users\purus\.m2\repository\commons-codec\commons-codec\1.17.0\commons-codec-1.17.0.jar;C:\Users\purus\.m2\repository\org\apache\commons\commons-collections4\4.4\commons-collections4-4.4.jar;C:\Users\purus\.m2\repository\org\apache\commons\commons-math3\3.6.1\commons-math3-3.6.1.jar;C:\Users\purus\.m2\repository\commons-io\commons-io\2.16.1\commons-io-2.16.1.jar;C:\Users\purus\.m2\repository\com\zaxxer\SparseBitSet\1.3\SparseBitSet-1.3.jar;C:\Users\purus\.m2\repository\org\apache\poi\poi-ooxml\5.3.0\poi-ooxml-5.3.0.jar;C:\Users\purus\.m2\repository\org\apache\poi\poi-ooxml-lite\5.3.0\poi-ooxml-lite-5.3.0.jar;C:\Users\purus\.m2\repository\org\apache\xmlbeans\xmlbeans\5.2.1\xmlbeans-5.2.1.jar;C:\Users\purus\.m2\repository\org\apache\commons\commons-compress\1.26.2\commons-compress-1.26.2.jar;C:\Users\purus\.m2\repository\com\github\virtuald\curvesapi\1.08\curvesapi-1.08.jar;C:\Users\purus\.m2\repository\org\apache\logging\log4j\log4j-api\2.12.4\log4j-api-2.12.4.jar;C:\Users\purus\.m2\repository\org\apache\logging\log4j\log4j-core\2.12.4\log4j-core-2.12.4.jar;"/>
    <property name="sun.cpu.endian" value="little"/>
    <property name="user.home" value="C:\Users\purus"/>
    <property name="user.language" value="en"/>
    <property name="java.specification.vendor" value="Oracle Corporation"/>
    <property name="java.version.date" value="2024-10-15"/>
    <property name="java.home" value="C:\Program Files\Java\jdk-21"/>
    <property name="file.separator" value="\"/>
    <property name="basedir" value="C:\Users\purus\RestAssuredTraining\PetStoreAutomation"/>
    <property name="java.vm.compressedOopsMode" value="Zero based"/>
    <property name="line.separator" value="&#10;"/>
    <property name="java.vm.specification.vendor" value="Oracle Corporation"/>
    <property name="java.specification.name" value="Java Platform API Specification"/>
    <property name="surefire.real.class.path" value="C:\Users\purus\AppData\Local\Temp\surefire17840643099614941053\surefirebooter-20241228014429326_3.jar"/>
    <property name="user.script" value=""/>
    <property name="sun.management.compiler" value="HotSpot 64-Bit Tiered Compilers"/>
    <property name="java.runtime.version" value="21.0.5+9-LTS-239"/>
    <property name="user.name" value="purus"/>
    <property name="stdout.encoding" value="Cp1252"/>
    <property name="path.separator" value=";"/>
    <property name="os.version" value="10.0"/>
    <property name="java.runtime.name" value="Java(TM) SE Runtime Environment"/>
    <property name="file.encoding" value="UTF-8"/>
    <property name="java.vm.name" value="Java HotSpot(TM) 64-Bit Server VM"/>
    <property name="localRepository" value="C:\Users\purus\.m2\repository"/>
    <property name="java.vendor.url.bug" value="https://bugreport.java.com/bugreport/"/>
    <property name="java.io.tmpdir" value="C:\Users\purus\AppData\Local\Temp\"/>
    <property name="java.version" value="21.0.5"/>
    <property name="user.dir" value="C:\Users\purus\RestAssuredTraining\PetStoreAutomation"/>
    <property name="os.arch" value="amd64"/>
    <property name="java.vm.specification.name" value="Java Virtual Machine Specification"/>
    <property name="sun.os.patch.level" value=""/>
    <property name="native.encoding" value="Cp1252"/>
    <property name="java.library.path" value="C:\Program Files\Java\jdk-21\bin;C:\Windows\Sun\Java\bin;C:\Windows\system32;C:\Windows;C:\Program Files\Common Files\Oracle\Java\javapath;C:\Program Files (x86)\Common Files\Oracle\Java\java8path;C:\Program Files (x86)\Common Files\Oracle\Java\javapath;C:\Windows\system32;C:\Windows;C:\Windows\System32\Wbem;C:\Windows\System32\WindowsPowerShell\v1.0\;C:\Windows\System32\OpenSSH\;C:\Program Files (x86)\NVIDIA Corporation\PhysX\Common;C:\Program Files\NVIDIA Corporation\NVIDIA NvDLISR;C:\Program Files\nodejs\;C:\Program Files\nodejs\node_modules;C:\Program Files\dotnet\;C:\apache-maven-3.9.9\bin;C:\Users\purus\AppData\Local\Microsoft\WindowsApps;C:\Users\purus\AppData\Roaming\npm;."/>
    <property name="java.vm.info" value="mixed mode, sharing"/>
    <property name="stderr.encoding" value="Cp1252"/>
    <property name="java.vendor" value="Oracle Corporation"/>
    <property name="java.vm.version" value="21.0.5+9-LTS-239"/>
    <property name="sun.io.unicode.encoding" value="UnicodeLittle"/>
    <property name="java.class.version" value="65.0"/>
  </properties>
  <testcase name="testPostUser" classname="api.test.DDTests" time="0.707">
    <failure message="java.lang.NoSuchMethodError: &apos;org.apache.logging.log4j.LogBuilder org.apache.logging.log4j.Logger.atDebug()&apos;" type="java.lang.RuntimeException"><![CDATA[java.lang.RuntimeException: java.lang.NoSuchMethodError: 'org.apache.logging.log4j.LogBuilder org.apache.logging.log4j.Logger.atDebug()'
	at org.testng.internal.invokers.MethodInvocationHelper.invokeMethodNoCheckedException(MethodInvocationHelper.java:58)
	at org.testng.internal.invokers.MethodInvocationHelper.invokeDataProvider(MethodInvocationHelper.java:159)
	at org.testng.internal.Parameters.handleParameters(Parameters.java:809)
	at org.testng.internal.Parameters.handleParameters(Parameters.java:734)
	at org.testng.internal.invokers.ParameterHandler.handleParameters(ParameterHandler.java:72)
	at org.testng.internal.invokers.ParameterHandler.createParameters(ParameterHandler.java:51)
	at org.testng.internal.invokers.TestInvoker$MethodInvocationAgent.invoke(TestInvoker.java:946)
	at org.testng.internal.invokers.TestInvoker.invokeTestMethods(TestInvoker.java:203)
	at org.testng.internal.invokers.TestMethodWorker.invokeTestMethods(TestMethodWorker.java:154)
	at org.testng.internal.invokers.TestMethodWorker.run(TestMethodWorker.java:134)
	at java.base/java.util.ArrayList.forEach(ArrayList.java:1596)
	at org.testng.TestRunner.privateRun(TestRunner.java:739)
	at org.testng.TestRunner.run(TestRunner.java:614)
	at org.testng.SuiteRunner.runTest(SuiteRunner.java:421)
	at org.testng.SuiteRunner.runSequentially(SuiteRunner.java:413)
	at org.testng.SuiteRunner.privateRun(SuiteRunner.java:373)
	at org.testng.SuiteRunner.run(SuiteRunner.java:312)
	at org.testng.SuiteRunnerWorker.runSuite(SuiteRunnerWorker.java:52)
	at org.testng.SuiteRunnerWorker.run(SuiteRunnerWorker.java:95)
	at org.testng.TestNG.runSuitesSequentially(TestNG.java:1274)
	at org.testng.TestNG.runSuitesLocally(TestNG.java:1208)
	at org.testng.TestNG.runSuites(TestNG.java:1112)
	at org.testng.TestNG.run(TestNG.java:1079)
	at org.apache.maven.surefire.testng.TestNGExecutor.run(TestNGExecutor.java:155)
	at org.apache.maven.surefire.testng.TestNGDirectoryTestSuite.executeMulti(TestNGDirectoryTestSuite.java:169)
	at org.apache.maven.surefire.testng.TestNGDirectoryTestSuite.execute(TestNGDirectoryTestSuite.java:88)
	at org.apache.maven.surefire.testng.TestNGProvider.invoke(TestNGProvider.java:137)
	at org.apache.maven.surefire.booter.ForkedBooter.runSuitesInProcess(ForkedBooter.java:385)
	at org.apache.maven.surefire.booter.ForkedBooter.execute(ForkedBooter.java:162)
	at org.apache.maven.surefire.booter.ForkedBooter.run(ForkedBooter.java:507)
	at org.apache.maven.surefire.booter.ForkedBooter.main(ForkedBooter.java:495)
Caused by: java.lang.NoSuchMethodError: 'org.apache.logging.log4j.LogBuilder org.apache.logging.log4j.Logger.atDebug()'
	at org.apache.poi.openxml4j.opc.PackageRelationshipCollection.parseRelationshipsPart(PackageRelationshipCollection.java:307)
	at org.apache.poi.openxml4j.opc.PackageRelationshipCollection.<init>(PackageRelationshipCollection.java:155)
	at org.apache.poi.openxml4j.opc.PackageRelationshipCollection.<init>(PackageRelationshipCollection.java:125)
	at org.apache.poi.openxml4j.opc.PackagePart.loadRelationships(PackagePart.java:565)
	at org.apache.poi.openxml4j.opc.OPCPackage.getParts(OPCPackage.java:783)
	at org.apache.poi.openxml4j.opc.OPCPackage.open(OPCPackage.java:354)
	at org.apache.poi.ooxml.util.PackageHelper.open(PackageHelper.java:64)
	at org.apache.poi.xssf.usermodel.XSSFWorkbook.<init>(XSSFWorkbook.java:315)
	at org.apache.poi.xssf.usermodel.XSSFWorkbook.<init>(XSSFWorkbook.java:289)
	at api.utilities.XLUtility.getRowCount(XLUtility.java:33)
	at api.utilities.DataProviders.getAllData(DataProviders.java:15)
	at java.base/jdk.internal.reflect.DirectMethodHandleAccessor.invoke(DirectMethodHandleAccessor.java:103)
	at java.base/java.lang.reflect.Method.invoke(Method.java:580)
	at org.testng.internal.invokers.MethodInvocationHelper.invokeMethod(MethodInvocationHelper.java:141)
	at org.testng.internal.invokers.MethodInvocationHelper.invokeMethod(MethodInvocationHelper.java:86)
	at org.testng.internal.invokers.MethodInvocationHelper.invokeMethodNoCheckedException(MethodInvocationHelper.java:54)
	... 30 more
]]></failure>
    <system-err><![CDATA[SLF4J: Failed to load class "org.slf4j.impl.StaticLoggerBinder".
SLF4J: Defaulting to no-operation (NOP) logger implementation
SLF4J: See http://www.slf4j.org/codes.html#StaticLoggerBinder for further details.
ERROR StatusLogger No Log4j 2 configuration file found. Using default configuration (logging only errors to the console), or user programmatically provided configurations. Set system property 'log4j2.debug' to show Log4j 2 internal initialization logging. See https://logging.apache.org/log4j/2.x/manual/configuration.html for instructions on how to configure Log4j 2
]]></system-err>
  </testcase>
  <testcase name="testPostUser" classname="api.test.UserTests" time="1.847">
    <system-out><![CDATA[HTTP/1.1 200 OK
Date: Sat, 28 Dec 2024 06:44:32 GMT
Content-Type: application/json
Transfer-Encoding: chunked
Connection: keep-alive
Access-Control-Allow-Origin: *
Access-Control-Allow-Methods: GET, POST, DELETE, PUT
Access-Control-Allow-Headers: Content-Type, api_key, Authorization
Server: Jetty(9.2.9.v20150224)

{
    "code": 200,
    "type": "unknown",
    "message": "1372422140"
}
]]></system-out>
  </testcase>
  <testcase name="testGetUserByName" classname="api.test.UserTests" time="0.279">
    <system-out><![CDATA[HTTP/1.1 200 OK
Date: Sat, 28 Dec 2024 06:44:32 GMT
Content-Type: application/json
Transfer-Encoding: chunked
Connection: keep-alive
Access-Control-Allow-Origin: *
Access-Control-Allow-Methods: GET, POST, DELETE, PUT
Access-Control-Allow-Headers: Content-Type, api_key, Authorization
Server: Jetty(9.2.9.v20150224)

{
    "id": 1372422140,
    "username": "silas.damore",
    "firstName": "Gilberte",
    "lastName": "Windler",
    "email": "vincent.daniel@gmail.com",
    "password": "6bclzr0gvogz",
    "phone": "823.712.7017",
    "userStatus": 0
}
]]></system-out>
  </testcase>
  <testcase name="testUpdateUser" classname="api.test.UserTests" time="0.734">
    <system-out><![CDATA[{
    "code": 200,
    "type": "unknown",
    "message": "1372422140"
}
HTTP/1.1 200 OK
Date: Sat, 28 Dec 2024 06:44:33 GMT
Content-Type: application/json
Transfer-Encoding: chunked
Connection: keep-alive
Access-Control-Allow-Origin: *
Access-Control-Allow-Methods: GET, POST, DELETE, PUT
Access-Control-Allow-Headers: Content-Type, api_key, Authorization
Server: Jetty(9.2.9.v20150224)

{
    "id": 1372422140,
    "username": "silas.damore",
    "firstName": "Sylvia",
    "lastName": "Luettgen",
    "email": "lyla.shanahan@gmail.com",
    "password": "6bclzr0gvogz",
    "phone": "823.712.7017",
    "userStatus": 0
}
]]></system-out>
  </testcase>
  <testcase name="testDeleteUser" classname="api.test.UserTests" time="0.394"/>
</testsuite>