<?xml version="1.0" encoding="UTF-8"?>
<!-- Generated by org.testng.reporters.JUnitReportReporter -->
<testsuite hostname="BhavaniN" failures="0" tests="4" name="api.test.UserTests" time="3.328" errors="0" timestamp="2024-12-27T17:01:45 EST" skipped="0">
  <testcase classname="api.test.UserTests" name="testPostUser" time="2.296"/>
  <testcase classname="api.test.UserTests" name="testGetUserByName" time="0.307"/>
  <testcase classname="api.test.UserTests" name="testUpdateUser" time="0.520"/>
  <testcase classname="api.test.UserTests" name="testDeleteUser" time="0.205"/>
</testsuite> <!-- api.test.UserTests -->
