<?xml version="1.0" encoding="UTF-8"?>
<!-- Generated by org.testng.reporters.JUnitReportReporter -->
<testsuite hostname="BhavaniN" failures="0" tests="4" name="api.test.UserTests" time="3.252" errors="0" timestamp="2024-12-28T01:44:33 EST" skipped="0">
  <testcase classname="api.test.UserTests" name="testPostUser" time="1.848"/>
  <testcase classname="api.test.UserTests" name="testGetUserByName" time="0.268"/>
  <testcase classname="api.test.UserTests" name="testUpdateUser" time="0.739"/>
  <testcase classname="api.test.UserTests" name="testDeleteUser" time="0.397"/>
</testsuite> <!-- api.test.UserTests -->
